0 info it worked if it ends with ok
1 verbose cli [ 'C:\\Program Files (x86)\\nodejs\\node.exe',
1 verbose cli   'C:\\Program Files (x86)\\nodejs\\node_modules\\npm\\bin\\npm-cli.js',
1 verbose cli   'run',
1 verbose cli   'build' ]
2 info using npm@3.8.3
3 info using node@v5.10.1
4 verbose run-script [ 'prebuild', 'build', 'postbuild' ]
5 info lifecycle react-webpack@1.0.0~prebuild: react-webpack@1.0.0
6 silly lifecycle react-webpack@1.0.0~prebuild: no script for prebuild, continuing
7 info lifecycle react-webpack@1.0.0~build: react-webpack@1.0.0
8 verbose lifecycle react-webpack@1.0.0~build: unsafe-perm in lifecycle true
9 verbose lifecycle react-webpack@1.0.0~build: PATH: C:\Program Files (x86)\nodejs\node_modules\npm\bin\node-gyp-bin;D:\react\webpack\node_modules\.bin;C:\Program Files (x86)\nodejs;C:\Windows\system32;C:\Windows;C:\Windows\System32\Wbem;C:\Windows\System32\WindowsPowerShell\v1.0\;C:\Program Files\Microsoft SQL Server\110\Tools\Binn\;C:\Program Files\TortoiseSVN\bin;C:\Program Files\Microsoft SQL Server\110\DTS\Binn\;C:\Program Files (x86)\Microsoft SQL Server\110\Tools\Binn\;C:\Program Files (x86)\Microsoft SQL Server\110\Tools\Binn\ManagementStudio\;C:\Program Files (x86)\Microsoft Visual Studio 10.0\Common7\IDE\PrivateAssemblies\;C:\Program Files (x86)\Microsoft SQL Server\110\DTS\Binn\;C:\Windows\Microsoft.NET\Framework\v1.1.4322;C:\Program Files\Microsoft\Web Platform Installer\;C:\Program Files (x86)\nodejs\;C:\Program Files\Microsoft SQL Server\120\Tools\Binn\;C:\Program Files\Git\cmd;C:\Program Files\dotnet\;C:\Program Files\Microsoft SQL Server\130\Tools\Binn\;C:\Program Files\TortoiseGit\bin;C:\Users\Zhuo.Li\AppData\Local\Programs\Python\Python35\Scripts\;C:\Users\Zhuo.Li\AppData\Local\Programs\Python\Python35\;C:\Users\Zhuo.Li\AppData\Roaming\npm;C:\Program Files (x86)\Microsoft VS Code\bin
10 verbose lifecycle react-webpack@1.0.0~build: CWD: D:\react\webpack
11 silly lifecycle react-webpack@1.0.0~build: Args: [ '/d /s /c', 'webpack --env=dev --progress --colors' ]
12 silly lifecycle react-webpack@1.0.0~build: Returned: code: 2  signal: null
13 info lifecycle react-webpack@1.0.0~build: Failed to exec build script
14 verbose stack Error: react-webpack@1.0.0 build: `webpack --env=dev --progress --colors`
14 verbose stack Exit status 2
14 verbose stack     at EventEmitter.<anonymous> (C:\Program Files (x86)\nodejs\node_modules\npm\lib\utils\lifecycle.js:239:16)
14 verbose stack     at emitTwo (events.js:100:13)
14 verbose stack     at EventEmitter.emit (events.js:185:7)
14 verbose stack     at ChildProcess.<anonymous> (C:\Program Files (x86)\nodejs\node_modules\npm\lib\utils\spawn.js:24:14)
14 verbose stack     at emitTwo (events.js:100:13)
14 verbose stack     at ChildProcess.emit (events.js:185:7)
14 verbose stack     at maybeClose (internal/child_process.js:850:16)
14 verbose stack     at Process.ChildProcess._handle.onexit (internal/child_process.js:215:5)
15 verbose pkgid react-webpack@1.0.0
16 verbose cwd D:\react\webpack
17 error Windows_NT 6.3.9600
18 error argv "C:\\Program Files (x86)\\nodejs\\node.exe" "C:\\Program Files (x86)\\nodejs\\node_modules\\npm\\bin\\npm-cli.js" "run" "build"
19 error node v5.10.1
20 error npm  v3.8.3
21 error code ELIFECYCLE
22 error react-webpack@1.0.0 build: `webpack --env=dev --progress --colors`
22 error Exit status 2
23 error Failed at the react-webpack@1.0.0 build script 'webpack --env=dev --progress --colors'.
23 error Make sure you have the latest version of node.js and npm installed.
23 error If you do, this is most likely a problem with the react-webpack package,
23 error not with npm itself.
23 error Tell the author that this fails on your system:
23 error     webpack --env=dev --progress --colors
23 error You can get information on how to open an issue for this project with:
23 error     npm bugs react-webpack
23 error Or if that isn't available, you can get their info via:
23 error     npm owner ls react-webpack
23 error There is likely additional logging output above.
24 verbose exit [ 1, true ]
